15:01:37.330 [JavaFX Application Thread] DEBUG GameApplication      - Logger initialized
15:01:37.348 [JavaFX Application Thread] DEBUG GameApplication      - Logging settings
Title: Basic Game App
Version: 0.1
Width: 600
Height: 600
Fullscreen: false
Intro: false
Menus: false
Profiling: false
Single step:false
App Mode: DEVELOPER
Menu Key: ESCAPE
Stage Style: DECORATED
Scene Factory: class com.almasb.fxgl.scene.SceneFactory
Dialog Factory: class com.almasb.fxgl.ui.FXGLDialogFactory
UI Factory: class com.almasb.fxgl.ui.FXGLUIFactory
Notification Service: class com.almasb.fxgl.gameplay.notification.XboxNotificationView
Exception Handler: class com.almasb.fxgl.app.FXGLExceptionHandler
15:01:37.349 [JavaFX Application Thread] DEBUG GameApplication      - Starting FXGL
15:01:37.362 [JavaFX Application Thread] INFO  FXGL                 - FXGL-0.5.4 on DESKTOP
15:01:37.363 [JavaFX Application Thread] INFO  FXGL                 - Source code and latest versions at: https://github.com/AlmasB/FXGL
15:01:37.363 [JavaFX Application Thread] INFO  FXGL                 -              Join the FXGL chat at: https://gitter.im/AlmasB/FXGL
15:01:37.364 [JavaFX Application Thread] DEBUG FXGL                 - FXGL started
15:01:37.364 [JavaFX Application Thread] DEBUG FXGL                 - Initializing FXGL
15:01:37.438 [JavaFX Application Thread] DEBUG AssetLoader          - Loading from disk: /assets/ui/cursors/fxgl_default.png
15:01:37.502 [JavaFX Application Thread] DEBUG AssetLoader          - Loading from disk: /assets/ui/fonts/VarelaRound-Regular.ttf
15:01:37.702 [JavaFX Application Thread] DEBUG MainWindow           - Creating a JavaFX scene
15:01:37.774 [JavaFX Application Thread] DEBUG MainWindow           - Target settings size: 600.0 x 600.0
15:01:37.774 [JavaFX Application Thread] DEBUG MainWindow           - Scaled scene size:    600.0 x 600.0
15:01:37.775 [JavaFX Application Thread] DEBUG MainWindow           - Scaled ratio: (1.0, 1.0)
15:01:37.779 [JavaFX Application Thread] DEBUG AssetLoader          - Loading from disk: /assets/ui/css/fxgl_dark.css
15:01:37.788 [JavaFX Application Thread] DEBUG AssetLoader          - Loading from disk: /assets/textures/fxgl_icon.png
15:01:37.811 [JavaFX Application Thread] DEBUG MainWindow           - Opening main window
15:01:38.168 [JavaFX Application Thread] DEBUG MainWindow           - Window border size: (6.0, 29.0)
15:01:38.169 [JavaFX Application Thread] DEBUG MainWindow           - Scaled size: 600.0 x 600.0
15:01:38.169 [JavaFX Application Thread] DEBUG MainWindow           - Scaled ratio: (1.0, 1.0)
15:01:38.169 [JavaFX Application Thread] DEBUG MainWindow           - Scene size: 600.0 x 600.0
15:01:38.169 [JavaFX Application Thread] DEBUG MainWindow           - Stage size: 606.0 x 629.0
15:01:38.246 [ForkJoinPool.commonPool-worker-1] DEBUG FS                   - Loaded DesktopFSService
15:01:38.250 [ForkJoinPool.commonPool-worker-1] DEBUG FXGL                 - Loading FXGL system data
15:01:38.259 [ForkJoinPool.commonPool-worker-1] DEBUG DesktopFSService     - Reading from: system\fxgl.bundle
15:01:38.283 [ForkJoinPool.commonPool-worker-1] DEBUG Bundle               - Logging bundle: FXGL
15:01:38.284 [ForkJoinPool.commonPool-worker-1] DEBUG Bundle               - FXGL.offline.timer.version.check=2019-01-05T14:35:26.004
15:01:38.285 [ForkJoinPool.commonPool-worker-1] DEBUG FXGL                 - Initializing state machine and application states
15:01:38.288 [ForkJoinPool.commonPool-worker-1] DEBUG AssetLoader          - Loading from disk: /assets/ui/cursors/fxgl_default.png
15:01:38.296 [ForkJoinPool.commonPool-worker-1] DEBUG AssetLoader          - Loading from disk: /assets/ui/cursors/fxgl_default.png
15:01:38.306 [ForkJoinPool.commonPool-worker-1] DEBUG AssetLoader          - Loading from cache: /assets/ui/fonts/VarelaRound-Regular.ttf
15:01:38.310 [ForkJoinPool.commonPool-worker-1] DEBUG AssetLoader          - Loading from disk: /assets/ui/cursors/fxgl_default.png
15:01:38.319 [ForkJoinPool.commonPool-worker-1] DEBUG GameScene            - Game scene initialized: 600x600
15:01:38.327 [ForkJoinPool.commonPool-worker-1] DEBUG GameWorld            - Game world initialized
15:01:38.432 [ForkJoinPool.commonPool-worker-1] DEBUG PhysicsWorld         - Physics world initialized: appHeight=600, physics.ppm=50,0
15:01:38.461 [ForkJoinPool.commonPool-worker-1] DEBUG Input                - Registered new binding: Pause - Esc
15:01:38.530 [JavaFX Application Thread] DEBUG FXGL                 - Running preInit()
15:01:38.533 [JavaFX Application Thread] DEBUG Input                - Registered new binding: Screenshot - P
15:01:38.534 [JavaFX Application Thread] DEBUG Input                - Registered new binding: Dev Options - CTRL+0
15:01:38.535 [JavaFX Application Thread] DEBUG Input                - Registered new binding: System info dump - CTRL+9
15:01:38.535 [JavaFX Application Thread] DEBUG Input                - Registered new binding: Restart - CTRL+R
15:01:38.536 [JavaFX Application Thread] DEBUG Input                - Registered new binding: Move Right - D
15:01:38.536 [JavaFX Application Thread] DEBUG Input                - Registered new binding: Move Left - A
15:01:38.536 [JavaFX Application Thread] DEBUG Input                - Registered new binding: Move Up - W
15:01:38.536 [JavaFX Application Thread] DEBUG Input                - Registered new binding: Move Down - S
15:01:38.542 [JavaFX Application Thread] INFO  FXGL                 - FXGL initialization took: 1,173 sec
15:01:38.542 [JavaFX Application Thread] DEBUG LoopRunner           - Starting loop
15:01:38.544 [JavaFX Application Thread] DEBUG StartupState         - STARTUP
15:01:38.544 [JavaFX Application Thread] DEBUG GameApplication      - Starting new game
15:01:38.545 [JavaFX Application Thread] DEBUG Input                - Clearing active input actions
15:01:38.547 [JavaFX Application Thread] DEBUG AssetLoader          - Loading from disk: /assets/ui/css/fxgl_dark.css
15:01:38.556 [JavaFX Application Thread] DEBUG AppStateMachine      - StartupState -> LoadingState
15:01:38.566 [FXGL Background Thread 1 ] DEBUG InitAppTask          - Clearing previous game
15:01:38.566 [FXGL Background Thread 1 ] DEBUG GameWorld            - Clearing game world
15:01:38.566 [FXGL Background Thread 1 ] DEBUG PhysicsWorld         - Clearing physics world
15:01:38.566 [FXGL Background Thread 1 ] DEBUG GameScene            - Clearing game scene
15:01:38.568 [FXGL Background Thread 1 ] DEBUG InitAppTask          - Initializing Game
15:01:38.621 [FXGL Background Thread 1 ] DEBUG GameScene            - Creating render group for layer: DEFAULT(100000)
15:01:38.624 [FXGL Background Thread 1 ] DEBUG InitAppTask          - Initializing Physics
15:01:38.624 [FXGL Background Thread 1 ] DEBUG InitAppTask          - Initializing UI
15:01:38.626 [FXGL Background Thread 1 ] DEBUG InitAppTask          - Initialization Complete
15:01:38.627 [FXGL Background Thread 1 ] INFO  InitAppTask          - Game initialization took: 0,061 sec
15:01:38.653 [JavaFX Application Thread] DEBUG Input                - Clearing active input actions
15:01:38.653 [JavaFX Application Thread] DEBUG AssetLoader          - Loading from disk: /assets/ui/css/fxgl_dark.css
15:01:38.661 [JavaFX Application Thread] DEBUG AppStateMachine      - LoadingState -> PlayState
15:01:46.183 [JavaFX Application Thread] DEBUG FXGL                 - Exiting FXGL
15:01:46.183 [JavaFX Application Thread] DEBUG FXGL                 - Shutting down background threads
15:01:46.184 [JavaFX Application Thread] DEBUG FXGL                 - Saving FXGL system data
15:01:46.187 [JavaFX Application Thread] DEBUG DesktopFSService     - Writing to: system\fxgl.bundle
15:01:46.190 [JavaFX Application Thread] DEBUG FXGL                 - Closing logger and exiting JavaFX
